51See/proguard/seeds.txt
com.my51c.see51.adapter.SmartIdAdapter$ViewHolder
com.my51c.see51.adapter.SmartIdAdapter$ViewHolder: android.widget.TextView ssidTx
com.my51c.see51.adapter.SmartIdAdapter$ViewHolder: com.my51c.see51.adapter.SmartIdAdapter this$0
com.my51c.see51.adapter.SmartIdAdapter$ViewHolder: SmartIdAdapter$ViewHolder(com.my51c.see51.adapter.SmartIdAdapter)
com.my51c.see51.adapter.ViewHolder
com.my51c.see51.adapter.ViewHolder: android.widget.ImageView userHead
com.my51c.see51.adapter.ViewHolder: android.widget.TextView userName
com.my51c.see51.adapter.ViewHolder: android.widget.TextView publish_time
com.my51c.see51.adapter.ViewHolder: android.widget.TextView content
com.my51c.see51.adapter.ViewHolder: android.widget.TextView positionTx
com.my51c.see51.adapter.ViewHolder: ViewHolder()
com.my51c.see51.adapter.WifiListAdapter
com.my51c.see51.adapter.WifiListAdapter: android.view.LayoutInflater mInflater
com.my51c.see51.adapter.WifiListAdapter: java.util.List mWifiList
com.my51c.see51.adapter.WifiListAdapter: android.view.View$OnClickListener mListener
com.my51c.see51.adapter.WifiListAdapter: android.content.Context mContext
com.my51c.see51.adapter.WifiListAdapter: int MIN_RSSI
com.my51c.see51.adapter.WifiListAdapter: int MAX_RSSI
com.my51c.see51.adapter.WifiListAdapter: android.view.View$OnClickListener getmListener()
com.my51c.see51.adapter.WifiListAdapter: void setmListener(android.view.View$OnClickListener)
com.my51c.see51.adapter.WifiListAdapter: int calculateSignalLevel(int,int)
com.my51c.see51.adapter.WifiListAdapter: WifiListAdapter(android.content.Context,java.util.List,android.view.View$OnClickListener)
com.my51c.see51.adapter.WifiListAdapter: int getCount()
com.my51c.see51.adapter.WifiListAdapter: java.lang.Object getItem(int)
com.my51c.see51.adapter.WifiListAdapter: long getItemId(int)
com.my51c.see51.adapter.WifiListAdapter: android.view.View getView(int,android.view.View,android.view.ViewGroup)
com.my51c.see51.adapter.WifiListAdapter$ViewHolder
com.my51c.see51.adapter.WifiListAdapter$ViewHolder: android.widget.ImageView wifiimg
com.my51c.see51.adapter.WifiListAdapter$ViewHolder: android.widget.TextView essid
com.my51c.see51.adapter.WifiListAdapter$ViewHolder: com.my51c.see51.adapter.WifiListAdapter this$0
com.my51c.see51.adapter.WifiListAdapter$ViewHolder: WifiListAdapter$ViewHolder(com.my51c.see51.adapter.WifiListAdapter)
com.my51c.see51.data.AccountInfo
com.my51c.see51.data.AccountInfo: java.lang.String username
com.my51c.see51.data.AccountInfo: java.lang.String password
com.my51c.see51.data.AccountInfo: java.lang.String email
com.my51c.see51.data.AccountInfo: java.lang.String nickname
com.my51c.see51.data.AccountInfo: boolean logined
com.my51c.see51.data.AccountInfo: boolean guest
com.my51c.see51.data.AccountInfo: com.my51c.see51.data.DeviceList myDevList
com.my51c.see51.data.AccountInfo: com.my51c.see51.data.DeviceList currentList
com.my51c.see51.data.AccountInfo: java.util.Map groMap
com.my51c.see51.data.AccountInfo: java.util.ArrayList alarmList
com.my51c.see51.data.AccountInfo: AccountInfo(java.lang.String,java.lang.String)
com.my51c.see51.data.AccountInfo: java.lang.String getNickname()
com.my51c.see51.data.AccountInfo: void setNickname(java.lang.String)
com.my51c.see51.data.AccountInfo: java.lang.String getUsername()
com.my51c.see51.data.AccountInfo: void setUsername(java.lang.String)
com.my51c.see51.data.AccountInfo: java.lang.String getPassword()
com.my51c.see51.data.AccountInfo: void setPassword(java.lang.String)
com.my51c.see51.data.AccountInfo: java.lang.String getEmail()
com.my51c.see51.data.AccountInfo: void setEmail(java.lang.String)
com.my51c.see51.data.AccountInfo: boolean isLogined()
com.my51c.see51.data.AccountInfo: void setLogined(boolean)
com.my51c.see51.data.AccountInfo: boolean isGuest()
com.my51c.see51.data.AccountInfo: com.my51c.see51.data.DeviceList getDevList()