51See/proguard/mapping.txt
com.mob.commons.logcollector.f -> com.mob.a.f.g:
    long a(android.content.Context,long,java.lang.String,int,java.lang.String) -> a
    long a(android.content.Context,java.util.ArrayList) -> a
    java.util.ArrayList a(android.content.Context,java.lang.String,java.lang.String[]) -> a
    java.util.ArrayList a(android.content.Context,java.lang.String[]) -> a
com.mob.tools.FakeActivity -> com.mob.tools.a:
    java.lang.Class shellClass -> a
    android.app.Activity activity -> c
    com.mob.tools.FakeActivity resultReceiver -> b
    java.util.HashMap result -> d
    android.view.View contentView -> e
    void registerExecutor(java.lang.String,java.lang.Object) -> a
    void setActivity(android.app.Activity) -> a
    void setContentView(android.view.View) -> a
    void onCreate() -> b
    void onNewIntent(android.content.Intent) -> a
    void onStart() -> d
    void onPause() -> e
    void onResume() -> f
    void onStop() -> g
    void onRestart() -> h
    boolean onFinish() -> i
    void onDestroy() -> j
    void finish() -> k
    boolean onKeyEvent(int,android.view.KeyEvent) -> a
    void onActivityResult(int,int,android.content.Intent) -> a
    void startActivity(android.content.Intent) -> b
    void startActivityForResult(android.content.Intent,int) -> a
    void onConfigurationChanged(android.content.res.Configuration) -> a
    android.content.Context getContext() -> l
    void show(android.content.Context,android.content.Intent) -> a
    void showForResult(android.content.Context,android.content.Intent,com.mob.tools.FakeActivity) -> a
    void sendResult() -> m
    void onResult(java.util.HashMap) -> a
    boolean onCreateOptionsMenu(android.view.Menu) -> a
    boolean onOptionsItemSelected(android.view.MenuItem) -> a
com.mob.tools.FakeActivity$1 -> com.mob.tools.b:
    com.mob.tools.FakeActivity this$0 -> a
    boolean handleMessage(android.os.Message) -> handleMessage
com.mob.tools.MobHandlerThread -> com.mob.tools.c:
    int mPriority -> a
    int mTid -> b
    android.os.Looper mLooper -> c
    void onLooperPrepared() -> a
    void run() -> run
    android.os.Looper getLooper() -> b
com.mob.tools.MobLog -> com.mob.tools.d:
    java.lang.String getSDKTag() -> a
    com.mob.tools.log.NLog getInstance() -> b
com.mob.tools.MobUIShell -> com.mob.tools.MobUIShell:
    java.util.HashMap executors -> b
    com.mob.tools.FakeActivity executor -> c
    int forceTheme -> a
    java.lang.String registerExecutor(java.lang.Object) -> a
    java.lang.String registerExecutor(java.lang.String,java.lang.Object) -> a
    void setTheme(int) -> setTheme
    void onCreate(android.os.Bundle) -> onCreate
    com.mob.tools.FakeActivity getDefault() -> a
    void setContentView(int) -> setContentView
    void setContentView(android.view.View) -> setContentView
    void setContentView(android.view.View,android.view.ViewGroup$LayoutParams) -> setContentView
    void onNewIntent(android.content.Intent) -> onNewIntent
    void onStart() -> onStart
    void onResume() -> onResume
    void onPause() -> onPause
    void onStop() -> onStop
    void onRestart() -> onRestart
    void onDestroy() -> onDestroy
    void onActivityResult(int,int,android.content.Intent) -> onActivityResult
    boolean onKeyDown(int,android.view.KeyEvent) -> onKeyDown
    boolean onKeyUp(int,android.view.KeyEvent) -> onKeyUp
    void onConfigurationChanged(android.content.res.Configuration) -> onConfigurationChanged
    void finish() -> finish
    boolean onCreateOptionsMenu(android.view.Menu) -> onCreateOptionsMenu
    boolean onOptionsItemSelected(android.view.MenuItem) -> onOptionsItemSelected