51See/proguard/usage.txt
com.tencent.open.TaskGuide$d$1
com.tencent.open.TaskGuide$e
com.tencent.open.TaskGuide$f
com.tencent.open.TaskGuide$g
com.tencent.open.TaskGuide$h
com.tencent.open.TaskGuide$i
com.tencent.open.TaskGuide$j
com.tencent.open.TaskGuide$j$1
com.tencent.open.TaskGuide$k
com.tencent.open.a.a:
    148:151:public void b()
com.tencent.open.a.f:
    212:218:public static void b()
    245:250:protected void d()
com.tencent.open.b:
    private static final java.lang.String TAG
    19:20:public b(android.content.Context)
com.tencent.open.b.d:
    58:62:public void a(java.lang.String,java.lang.String,java.lang.String,java.lang.String,java.lang.String,java.lang.String,java.lang.String,java.lang.String)
com.tencent.open.c
com.tencent.open.c$a
com.tencent.open.c.a
com.tencent.open.c.a$a
com.tencent.open.c.c
com.tencent.open.d
com.tencent.open.e
com.tencent.open.e$a
com.tencent.open.qzone.Albums
com.tencent.open.qzone.Albums$AlbumSecurity
com.tencent.open.t.Weibo
com.tencent.open.utils.ApkExternalInfoTool
com.tencent.open.utils.ApkExternalInfoTool$1
com.tencent.open.utils.ApkExternalInfoTool$ApkExternalInfo
com.tencent.open.utils.AsynLoadImgBack:
    public static final int LOAD_IMAGE_COMPLETED
    public static final int LOAD_IMAGE_PATH_NULL
    public static final int LOAD_IMAGE_NO_SDCARD
    public static final int LOAD_IMAGE_IMAGE_FORMAT_ERROR
com.tencent.open.utils.DataConvert
com.tencent.open.utils.Global:
    46:46:public Global()
    77:80:public static final android.content.SharedPreferences getSharedPreferences(java.lang.String,int)
    92:108:public static void saveVersionCode()
    111:112:public static int getVersionCode()
com.tencent.open.utils.HttpUtils:
    157:158:private HttpUtils()
    869:989:public static org.json.JSONObject upload(com.tencent.connect.auth.QQToken,android.content.Context,java.lang.String,android.os.Bundle)
com.tencent.open.utils.HttpUtils$HttpStatusException:
    public static final java.lang.String ERROR_INFO
com.tencent.open.utils.HttpUtils$NetworkUnavailableException:
    public static final java.lang.String ERROR_INFO
com.tencent.open.utils.OpenConfig:
    262:264:public long getLong(java.lang.String)
com.tencent.open.utils.ServerSetting:
    public static final int ENVIRONMENT_NORMOL
    public static final int ENVIRONMENT_EXPERIENCE
    public static final java.lang.String KEY_OPEN_SETTING
    public static final java.lang.String KEY_OPEN_ENV
    public static final java.lang.String KEY_HOST_FUSION
    public static final java.lang.String KEY_HOST_APPIC
    public static final java.lang.String KEY_HOST_OPEN_MOBILE
    public static final java.lang.String KEY_HOST_MAPP_QZONE
    public static final java.lang.String KEY_HOST_ANALY
    public static final java.lang.String KEY_HOST_QZAPP_QLOGO
    public static final java.lang.String KEY_HOST_I_GTIMG
    public static final java.lang.String KEY_HOST_APP_SUPPORT
    public static final java.lang.String KEY_HOST_QZS_QQ
    public static final java.lang.String DEFAULT_REDIRECT_URI
    public static final java.lang.String DEFAULT_CGI_AUTHORIZE
    public static final java.lang.String DEFAULT_URL_SEND_STORY
    public static final java.lang.String DEFAULT_URL_INVITE
    public static final java.lang.String DEFAULT_URL_REPORT
    public static final java.lang.String DEFAULT_URL_GRAPH_BASE
    public static final java.lang.String DEFAULT_URL_BRAG
    public static final java.lang.String DEFAULT_URL_ASK
    public static final java.lang.String DEFAULT_URL_GIFT
    public static final java.lang.String DEFAULT_LOCAL_STORAGE_URI
    public static final java.lang.String DEFAULT_URL_VOICE